<?xml version="1.0" encoding="UTF-8"?>
<!-- Generated by org.testng.reporters.JUnitReportReporter -->
<testsuite skipped="0" hostname="DESKTOP-3FA80IL" name="com.TestNG.prioritytestcase" tests="3" failures="0" timestamp="2020-06-03T15:07:38 EDT" time="0.007" errors="0">
  <testcase name="testcase3" time="0.004" classname="com.TestNG.prioritytestcase"/>
  <system-out/>
  <testcase name="testcase2" time="0.002" classname="com.TestNG.prioritytestcase"/>
  <system-out/>
  <testcase name="testcase1" time="0.001" classname="com.TestNG.prioritytestcase"/>
  <system-out/>
</testsuite> <!-- com.TestNG.prioritytestcase -->
