<?xml version="1.0" encoding="UTF-8"?>
<!-- Generated by org.testng.reporters.JUnitReportReporter -->
<testsuite skipped="0" hostname="DESKTOP-3FA80IL" name="com.TestNG.Testnghrm" tests="2" failures="0" timestamp="2020-06-04T12:28:22 EDT" time="3.009" errors="0">
  <testcase name="login" time="1.396" classname="com.TestNG.Testnghrm"/>
  <system-out/>
  <testcase name="admin" time="1.613" classname="com.TestNG.Testnghrm"/>
  <system-out/>
</testsuite> <!-- com.TestNG.Testnghrm -->
