<?xml version="1.0" encoding="UTF-8"?>
<!-- Generated by org.testng.reporters.JUnitReportReporter -->
<testsuite skipped="0" hostname="DESKTOP-3FA80IL" name="com.TestNG.TestCase1" tests="1" failures="0" timestamp="2020-06-03T15:07:38 EDT" time="0.006" errors="0">
  <testcase name="testcase2" time="0.006" classname="com.TestNG.TestCase1"/>
  <system-out/>
</testsuite> <!-- com.TestNG.TestCase1 -->
